<?xml version="1.0" encoding="UTF-8"?>
<!-- Generated by org.testng.reporters.JUnitReportReporter -->
<testsuite skipped="0" hostname="Usman-PC" name="annotations.GroupDemo" tests="1" failures="0" timestamp="04 Dec 2017 23:10:53 GMT" time="0.055" errors="0">
  <testcase name="animalTest2" time="0.055" classname="annotations.GroupDemo"/>
</testsuite> <!-- annotations.GroupDemo -->
