<?xml version="1.0" encoding="UTF-8"?>
<!-- Generated by org.testng.reporters.JUnitReportReporter -->
<testsuite skipped="0" hostname="Usman-PC" name="selectClassDemo.SelectDemo" tests="1" failures="0" timestamp="05 Dec 2017 02:18:03 GMT" time="19.488" errors="0">
  <testcase name="selectDropdown" time="19.488" classname="selectClassDemo.SelectDemo"/>
</testsuite> <!-- selectClassDemo.SelectDemo -->
