<?xml version="1.0" encoding="UTF-8"?>
<!-- Generated by org.testng.reporters.JUnitReportReporter -->
<testsuite skipped="0" hostname="Usman-PC" name="handleWindows.WindowsHandle" tests="1" failures="0" timestamp="21 Nov 2017 00:49:48 GMT" time="50.781" errors="0">
  <testcase name="test" time="50.781" classname="handleWindows.WindowsHandle"/>
</testsuite> <!-- handleWindows.WindowsHandle -->
