<?xml version="1.0" encoding="UTF-8"?>
<!-- Generated by org.testng.reporters.JUnitReportReporter -->
<testsuite skipped="0" hostname="Usman-PC" name="youtube.SidePanel" tests="1" failures="0" timestamp="05 Dec 2017 02:21:29 GMT" time="29.611" errors="0">
  <testcase name="home" time="29.611" classname="youtube.SidePanel"/>
</testsuite> <!-- youtube.SidePanel -->
