<?xml version="1.0" encoding="UTF-8"?>
<!-- Generated by org.testng.reporters.JUnitReportReporter -->
<testsuite skipped="0" hostname="Usman-PC" name="iFrameDemo.IFrameClass" tests="1" failures="0" timestamp="14 Nov 2017 01:34:55 GMT" time="21.610" errors="0">
  <testcase name="testIFrame" time="21.610" classname="iFrameDemo.IFrameClass"/>
</testsuite> <!-- iFrameDemo.IFrameClass -->
