<?xml version="1.0" encoding="UTF-8"?>
<!-- Generated by org.testng.reporters.JUnitReportReporter -->
<testsuite skipped="0" hostname="Usman-PC" name="mySQL.SQLConnection" tests="1" failures="0" timestamp="18 Nov 2017 20:52:02 GMT" time="1.339" errors="0">
  <testcase name="testDB" time="1.339" classname="mySQL.SQLConnection"/>
</testsuite> <!-- mySQL.SQLConnection -->
