<?xml version="1.0" encoding="UTF-8"?>
<!-- Generated by org.testng.reporters.JUnitReportReporter -->
<testsuite skipped="0" hostname="Usman-PC" name="screenshotDemo.Screenshot" tests="1" failures="0" timestamp="03 Nov 2017 21:10:11 GMT" time="15.908" errors="0">
  <testcase name="screenshot" time="15.908" classname="screenshotDemo.Screenshot"/>
</testsuite> <!-- screenshotDemo.Screenshot -->
