<?xml version="1.0" encoding="UTF-8"?>
<!-- Generated by org.testng.reporters.JUnitReportReporter -->
<testsuite skipped="0" hostname="Usman-PC" name="annotations.GroupsPractice" tests="4" failures="0" timestamp="03 Nov 2017 01:53:39 GMT" time="157.956" errors="0">
  <testcase name="group1" time="28.948" classname="annotations.GroupsPractice"/>
  <testcase name="group3" time="17.677" classname="annotations.GroupsPractice"/>
  <testcase name="group4" time="59.882" classname="annotations.GroupsPractice"/>
  <testcase name="group2" time="51.449" classname="annotations.GroupsPractice"/>
</testsuite> <!-- annotations.GroupsPractice -->
