<?xml version="1.0" encoding="UTF-8"?>
<!-- Generated by org.testng.reporters.JUnitReportReporter -->
<testsuite skipped="0" hostname="Usman-PC" name="annotations.CrossBrowserPractice" tests="2" failures="0" timestamp="03 Nov 2017 01:12:50 GMT" time="53.714" errors="0">
  <testcase name="testing" time="34.128" classname="annotations.CrossBrowserPractice"/>
  <testcase name="testing" time="19.586" classname="annotations.CrossBrowserPractice"/>
</testsuite> <!-- annotations.CrossBrowserPractice -->
