<?xml version="1.0" encoding="UTF-8"?>
<!-- Generated by org.testng.reporters.JUnitReportReporter -->
<testsuite skipped="0" hostname="Usman-PC" name="scrollUpAndDown.ScrollClass" tests="1" failures="0" timestamp="07 Nov 2017 21:24:28 GMT" time="19.872" errors="0">
  <testcase name="scrollUp" time="19.872" classname="scrollUpAndDown.ScrollClass"/>
</testsuite> <!-- scrollUpAndDown.ScrollClass -->
