<?xml version="1.0" encoding="UTF-8"?>
<!-- Generated by org.testng.reporters.JUnitReportReporter -->
<testsuite skipped="0" hostname="Usman-PC" name="practiceSelenium.VerifyPageTitle" tests="1" failures="0" timestamp="06 Nov 2017 21:30:38 GMT" time="39.694" errors="0">
  <testcase name="testLogin" time="39.694" classname="practiceSelenium.VerifyPageTitle"/>
</testsuite> <!-- practiceSelenium.VerifyPageTitle -->
