<?xml version="1.0" encoding="UTF-8"?>
<!-- Generated by org.testng.reporters.JUnitReportReporter -->
<testsuite skipped="0" hostname="Usman-PC" name="annotations.BrowserParameter" tests="2" failures="0" timestamp="14 Dec 2017 20:21:21 GMT" time="66.450" errors="0">
  <testcase name="verifyTitle" time="17.472" classname="annotations.BrowserParameter"/>
  <testcase name="verifyTitle" time="48.978" classname="annotations.BrowserParameter"/>
</testsuite> <!-- annotations.BrowserParameter -->
