<?xml version="1.0" encoding="UTF-8"?>
<!-- Generated by org.testng.reporters.JUnitReportReporter -->
<testsuite skipped="0" hostname="Usman-PC" name="brokenImagesDemo.FindBrokenImage" tests="1" failures="0" timestamp="04 Dec 2017 22:43:23 GMT" time="1.459" errors="0">
  <testcase name="validateInvalidImages" time="1.459" classname="brokenImagesDemo.FindBrokenImage"/>
</testsuite> <!-- brokenImagesDemo.FindBrokenImage -->
