<?xml version="1.0" encoding="UTF-8"?>
<!-- Generated by org.testng.reporters.JUnitReportReporter -->
<testsuite skipped="0" hostname="Usman-PC" name="nonClickableCheckbox.NonClickableInChrome" tests="1" failures="0" timestamp="08 Nov 2017 21:43:24 GMT" time="80.311" errors="0">
  <testcase name="method" time="80.311" classname="nonClickableCheckbox.NonClickableInChrome"/>
</testsuite> <!-- nonClickableCheckbox.NonClickableInChrome -->
