<?xml version="1.0" encoding="UTF-8"?>
<!-- Generated by org.testng.reporters.JUnitReportReporter -->
<testsuite skipped="0" hostname="Usman-PC" name="scrollUpAndDown.ScrollUpDown" tests="1" failures="0" timestamp="12 Nov 2017 23:30:31 GMT" time="22.205" errors="0">
  <testcase name="scrollTest" time="22.205" classname="scrollUpAndDown.ScrollUpDown"/>
</testsuite> <!-- scrollUpAndDown.ScrollUpDown -->
