<?xml version="1.0" encoding="UTF-8"?>
<!-- Generated by org.testng.reporters.JUnitReportReporter -->
<testsuite skipped="0" hostname="Usman-PC" name="nonClickableElements.NonClickableInChrome" tests="1" failures="0" timestamp="08 Nov 2017 21:12:41 GMT" time="11.060" errors="0">
  <testcase name="method" time="11.060" classname="nonClickableElements.NonClickableInChrome"/>
</testsuite> <!-- nonClickableElements.NonClickableInChrome -->
