<?xml version="1.0" encoding="UTF-8"?>
<!-- Generated by org.testng.reporters.JUnitReportReporter -->
<testsuite skipped="1" hostname="Usman-PC" name="hbkjbkjbkbkjkjbk.dummy" tests="1" failures="0" timestamp="12 Nov 2017 00:31:16 GMT" time="0.000" errors="0">
  <testcase name="maintest" time="0.000" classname="hbkjbkjbkbkjkjbk.dummy">
    <skipped/>
  </testcase> <!-- maintest -->
</testsuite> <!-- hbkjbkjbkbkjkjbk.dummy -->
