<?xml version="1.0" encoding="UTF-8"?>
<!-- Generated by org.testng.reporters.JUnitReportReporter -->
<testsuite skipped="0" hostname="Usman-PC" name="annotations.AnnotationsDemo" tests="2" failures="0" timestamp="29 Oct 2017 18:23:01 GMT" time="0.046" errors="0">
  <testcase name="test2" time="0.012" classname="annotations.AnnotationsDemo"/>
  <testcase name="test" time="0.034" classname="annotations.AnnotationsDemo"/>
</testsuite> <!-- annotations.AnnotationsDemo -->
