<?xml version="1.0" encoding="UTF-8"?>
<!-- Generated by org.testng.reporters.JUnitReportReporter -->
<testsuite skipped="0" hostname="Usman-PC" name="handleHiddenElements.HiddenElements" tests="1" failures="0" timestamp="08 Nov 2017 22:28:26 GMT" time="25.841" errors="0">
  <testcase name="hiddenElement" time="25.841" classname="handleHiddenElements.HiddenElements"/>
</testsuite> <!-- handleHiddenElements.HiddenElements -->
